<?xml version="1.0" encoding="UTF-8"?>
<testng-results ignored="0" total="5" passed="5" failed="0" skipped="0">
  <reporter-output>
  </reporter-output>
  <suite started-at="2022-10-25T21:14:10 EEST" name="Cucumber tests" finished-at="2022-10-25T21:15:18 EEST" duration-ms="68267">
    <groups>
      <group name="cucumber">
        <method signature="AbstractTestNGCucumberTests.runScenario(io.cucumber.testng.PickleWrapper,io.cucumber.testng.FeatureWrapper)[pri:0, instance:org.example.runner.CucumberTest@6ca8564a]" name="runScenario" class="io.cucumber.testng.AbstractTestNGCucumberTests"/>
      </group> <!-- cucumber -->
    </groups>
    <test started-at="2022-10-25T21:14:10 EEST" name="All Tests" finished-at="2022-10-25T21:15:18 EEST" duration-ms="68267">
      <class name="org.example.runner.CucumberTest">
        <test-method is-config="true" signature="setUpClass(org.testng.ITestContext)[pri:0, instance:org.example.runner.CucumberTest@6ca8564a]" started-at="2022-10-25T21:14:10 EEST" name="setUpClass" finished-at="2022-10-25T21:14:12 EEST" duration-ms="2073" status="PASS">
          <params>
            <param index="0">
              <value>
                <![CDATA[org.testng.TestRunner@773f7880]]>
              </value>
            </param>
          </params>
          <reporter-output>
          </reporter-output>
        </test-method> <!-- setUpClass -->
        <test-method signature="runScenario(io.cucumber.testng.PickleWrapper,io.cucumber.testng.FeatureWrapper)[pri:0, instance:org.example.runner.CucumberTest@6ca8564a]" started-at="2022-10-25T21:14:12 EEST" name="runScenario" description="Runs Cucumber Scenarios" data-provider="scenarios" finished-at="2022-10-25T21:15:16 EEST" duration-ms="63395" status="PASS">
          <params>
            <param index="0">
              <value>
                <![CDATA["Docs sections should contain appropriate columns."]]>
              </value>
            </param>
            <param index="1">
              <value>
                <![CDATA["As a user i want to get ability to use menu sections."]]>
              </value>
            </param>
          </params>
          <reporter-output>
          </reporter-output>
        </test-method> <!-- runScenario -->
        <test-method signature="runScenario(io.cucumber.testng.PickleWrapper,io.cucumber.testng.FeatureWrapper)[pri:0, instance:org.example.runner.CucumberTest@6ca8564a]" started-at="2022-10-25T21:14:12 EEST" name="runScenario" description="Runs Cucumber Scenarios" data-provider="scenarios" finished-at="2022-10-25T21:15:16 EEST" duration-ms="63802" status="PASS">
          <params>
            <param index="0">
              <value>
                <![CDATA["Docs sections should contain appropriate columns."]]>
              </value>
            </param>
            <param index="1">
              <value>
                <![CDATA["As a user i want to get ability to use menu sections."]]>
              </value>
            </param>
          </params>
          <reporter-output>
          </reporter-output>
        </test-method> <!-- runScenario -->
        <test-method signature="runScenario(io.cucumber.testng.PickleWrapper,io.cucumber.testng.FeatureWrapper)[pri:0, instance:org.example.runner.CucumberTest@6ca8564a]" started-at="2022-10-25T21:14:12 EEST" name="runScenario" description="Runs Cucumber Scenarios" data-provider="scenarios" finished-at="2022-10-25T21:15:17 EEST" duration-ms="64322" status="PASS">
          <params>
            <param index="0">
              <value>
                <![CDATA["Docs sections should contain appropriate columns."]]>
              </value>
            </param>
            <param index="1">
              <value>
                <![CDATA["As a user I want to get ability to use Docs pages."]]>
              </value>
            </param>
          </params>
          <reporter-output>
          </reporter-output>
        </test-method> <!-- runScenario -->
        <test-method signature="runScenario(io.cucumber.testng.PickleWrapper,io.cucumber.testng.FeatureWrapper)[pri:0, instance:org.example.runner.CucumberTest@6ca8564a]" started-at="2022-10-25T21:14:12 EEST" name="runScenario" description="Runs Cucumber Scenarios" data-provider="scenarios" finished-at="2022-10-25T21:15:18 EEST" duration-ms="65717" status="PASS">
          <params>
            <param index="0">
              <value>
                <![CDATA["Docs sections should contain appropriate columns."]]>
              </value>
            </param>
            <param index="1">
              <value>
                <![CDATA["As a user i want to get ability to use menu sections."]]>
              </value>
            </param>
          </params>
          <reporter-output>
          </reporter-output>
        </test-method> <!-- runScenario -->
        <test-method signature="runScenario(io.cucumber.testng.PickleWrapper,io.cucumber.testng.FeatureWrapper)[pri:0, instance:org.example.runner.CucumberTest@6ca8564a]" started-at="2022-10-25T21:14:12 EEST" name="runScenario" description="Runs Cucumber Scenarios" data-provider="scenarios" finished-at="2022-10-25T21:15:16 EEST" duration-ms="64069" status="PASS">
          <params>
            <param index="0">
              <value>
                <![CDATA["Docs sections should contain appropriate columns."]]>
              </value>
            </param>
            <param index="1">
              <value>
                <![CDATA["As a user i want to get ability to use menu sections."]]>
              </value>
            </param>
          </params>
          <reporter-output>
          </reporter-output>
        </test-method> <!-- runScenario -->
        <test-method is-config="true" signature="tearDownClass()[pri:0, instance:org.example.runner.CucumberTest@6ca8564a]" started-at="2022-10-25T21:15:18 EEST" name="tearDownClass" finished-at="2022-10-25T21:15:18 EEST" duration-ms="359" status="PASS">
          <reporter-output>
          </reporter-output>
        </test-method> <!-- tearDownClass -->
      </class> <!-- org.example.runner.CucumberTest -->
    </test> <!-- All Tests -->
  </suite> <!-- Cucumber tests -->
</testng-results>
