<?xml version="1.0" encoding="UTF-8"?>
<testng-results ignored="0" total="5" passed="5" failed="0" skipped="0">
  <reporter-output>
  </reporter-output>
  <suite started-at="2022-10-29T20:45:30 EEST" name="Cucumber tests" finished-at="2022-10-29T20:46:18 EEST" duration-ms="47893">
    <groups>
      <group name="cucumber">
        <method signature="AbstractTestNGCucumberTests.runScenario(io.cucumber.testng.PickleWrapper, io.cucumber.testng.FeatureWrapper)[pri:0, instance:org.example.runner.CucumberTest@4d5d943d]" name="runScenario" class="io.cucumber.testng.AbstractTestNGCucumberTests"/>
      </group> <!-- cucumber -->
    </groups>
    <test started-at="2022-10-29T20:45:30 EEST" name="All Tests" finished-at="2022-10-29T20:46:18 EEST" duration-ms="47893">
      <class name="org.example.runner.CucumberTest">
        <test-method is-config="true" signature="setUpClass()[pri:0, instance:org.example.runner.CucumberTest@4d5d943d]" started-at="2022-10-29T20:45:30 EEST" name="setUpClass" finished-at="2022-10-29T20:45:32 EEST" duration-ms="1517" status="PASS">
          <reporter-output>
          </reporter-output>
        </test-method> <!-- setUpClass -->
        <test-method signature="runScenario(io.cucumber.testng.PickleWrapper, io.cucumber.testng.FeatureWrapper)[pri:0, instance:org.example.runner.CucumberTest@4d5d943d]" started-at="2022-10-29T20:45:32 EEST" name="runScenario" description="Runs Cucumber Scenarios" data-provider="scenarios" finished-at="2022-10-29T20:46:18 EEST" duration-ms="45935" status="PASS">
          <params>
            <param index="0">
              <value>
                <![CDATA["Docs sections should contain appropriate columns."]]>
              </value>
            </param>
            <param index="1">
              <value>
                <![CDATA["Optional[As a user i want to get ability to use menu sections.]"]]>
              </value>
            </param>
          </params>
          <reporter-output>
          </reporter-output>
        </test-method> <!-- runScenario -->
        <test-method signature="runScenario(io.cucumber.testng.PickleWrapper, io.cucumber.testng.FeatureWrapper)[pri:0, instance:org.example.runner.CucumberTest@4d5d943d]" started-at="2022-10-29T20:45:32 EEST" name="runScenario" description="Runs Cucumber Scenarios" data-provider="scenarios" finished-at="2022-10-29T20:46:17 EEST" duration-ms="44811" status="PASS">
          <params>
            <param index="0">
              <value>
                <![CDATA["Docs sections should contain appropriate columns."]]>
              </value>
            </param>
            <param index="1">
              <value>
                <![CDATA["Optional[As a user i want to get ability to use menu sections.]"]]>
              </value>
            </param>
          </params>
          <reporter-output>
          </reporter-output>
        </test-method> <!-- runScenario -->
        <test-method signature="runScenario(io.cucumber.testng.PickleWrapper, io.cucumber.testng.FeatureWrapper)[pri:0, instance:org.example.runner.CucumberTest@4d5d943d]" started-at="2022-10-29T20:45:32 EEST" name="runScenario" description="Runs Cucumber Scenarios" data-provider="scenarios" finished-at="2022-10-29T20:46:17 EEST" duration-ms="44941" status="PASS">
          <params>
            <param index="0">
              <value>
                <![CDATA["Docs sections should contain appropriate columns."]]>
              </value>
            </param>
            <param index="1">
              <value>
                <![CDATA["Optional[As a user i want to get ability to use menu sections.]"]]>
              </value>
            </param>
          </params>
          <reporter-output>
          </reporter-output>
        </test-method> <!-- runScenario -->
        <test-method signature="runScenario(io.cucumber.testng.PickleWrapper, io.cucumber.testng.FeatureWrapper)[pri:0, instance:org.example.runner.CucumberTest@4d5d943d]" started-at="2022-10-29T20:45:32 EEST" name="runScenario" description="Runs Cucumber Scenarios" data-provider="scenarios" finished-at="2022-10-29T20:46:17 EEST" duration-ms="44811" status="PASS">
          <params>
            <param index="0">
              <value>
                <![CDATA["Docs sections should contain appropriate columns."]]>
              </value>
            </param>
            <param index="1">
              <value>
                <![CDATA["Optional[As a user I want to get ability to use Docs pages.]"]]>
              </value>
            </param>
          </params>
          <reporter-output>
          </reporter-output>
        </test-method> <!-- runScenario -->
        <test-method signature="runScenario(io.cucumber.testng.PickleWrapper, io.cucumber.testng.FeatureWrapper)[pri:0, instance:org.example.runner.CucumberTest@4d5d943d]" started-at="2022-10-29T20:45:32 EEST" name="runScenario" description="Runs Cucumber Scenarios" data-provider="scenarios" finished-at="2022-10-29T20:46:17 EEST" duration-ms="44796" status="PASS">
          <params>
            <param index="0">
              <value>
                <![CDATA["Docs sections should contain appropriate columns."]]>
              </value>
            </param>
            <param index="1">
              <value>
                <![CDATA["Optional[As a user i want to get ability to use menu sections.]"]]>
              </value>
            </param>
          </params>
          <reporter-output>
          </reporter-output>
        </test-method> <!-- runScenario -->
        <test-method is-config="true" signature="tearDownClass()[pri:0, instance:org.example.runner.CucumberTest@4d5d943d]" started-at="2022-10-29T20:46:18 EEST" name="tearDownClass" finished-at="2022-10-29T20:46:18 EEST" duration-ms="376" status="PASS">
          <reporter-output>
          </reporter-output>
        </test-method> <!-- tearDownClass -->
      </class> <!-- org.example.runner.CucumberTest -->
    </test> <!-- All Tests -->
  </suite> <!-- Cucumber tests -->
</testng-results>
